[debug] [2025-09-30T11:09:39.888Z] ----------------------------------------------------------------------
[debug] [2025-09-30T11:09:39.890Z] Command:       C:\Program Files\nodejs\node.exe D:\Evangadi classmaterial\phase four\Amazonefullstack\front-end\my-app\node_modules\firebase-tools\lib\bin\firebase.js emulators:start --only functions
[debug] [2025-09-30T11:09:39.890Z] CLI Version:   13.35.1
[debug] [2025-09-30T11:09:39.891Z] Platform:      win32
[debug] [2025-09-30T11:09:39.891Z] Node Version:  v18.20.8
[debug] [2025-09-30T11:09:39.892Z] Time:          Tue Sep 30 2025 14:09:39 GMT+0300 (East Africa Time)
[debug] [2025-09-30T11:09:39.892Z] ----------------------------------------------------------------------
[debug] 
[warn] !  functions: The functions emulator is configured but there is no functions source directory. Have you run firebase init functions? {"metadata":{"emulator":{"name":"functions"},"message":"The functions emulator is configured but there is no functions source directory. Have you run \u001b[1mfirebase init functions\u001b[22m?"}}
[debug] [2025-09-30T11:09:40.168Z] > command requires scopes: ["email","openid","https://www.googleapis.com/auth/cloudplatformprojects.readonly","https://www.googleapis.com/auth/firebase","https://www.googleapis.com/auth/cloud-platform"]
[debug] [2025-09-30T11:09:40.168Z] > authorizing via signed-in user (sileshiashenafi097@gmail.com)
[info] i  emulators: Starting emulators: functions {"metadata":{"emulator":{"name":"hub"},"message":"Starting emulators: functions"}}
[debug] [2025-09-30T11:09:40.178Z] [logging] Logging Emulator only supports listening on one address (127.0.0.1). Not listening on ::1
[debug] [2025-09-30T11:09:40.179Z] assigned listening specs for emulators {"user":{"hub":[{"address":"127.0.0.1","family":"IPv4","port":6012},{"address":"::1","family":"IPv6","port":6012}],"ui":[{"address":"127.0.0.1","family":"IPv4","port":6011},{"address":"::1","family":"IPv6","port":6011}],"logging":[{"address":"127.0.0.1","family":"IPv4","port":6013}]},"metadata":{"message":"assigned listening specs for emulators"}}
[debug] [2025-09-30T11:09:40.185Z] [hub] writing locator at C:\Users\Ashu\AppData\Local\Temp\hub-clone-40318.json
[warn] !  functions: The functions emulator is configured but there is no functions source directory. Have you run firebase init functions? {"metadata":{"emulator":{"name":"functions"},"message":"The functions emulator is configured but there is no functions source directory. Have you run \u001b[1mfirebase init functions\u001b[22m?"}}
[debug] [2025-09-30T11:09:40.237Z] Could not find VSCode notification endpoint: FetchError: request to http://localhost:40001/vscode/notify failed, reason: connect ECONNREFUSED ::1:40001. If you are not running the Firebase Data Connect VSCode extension, this is expected and not an issue.
[info] 
┌─────────────────────────────────────────────────────────────┐
│ ✔  All emulators ready! It is now safe to connect your app. │
│ i  View Emulator UI at http://127.0.0.1:6011/               │
└─────────────────────────────────────────────────────────────┘

┌───────────┬──────────────────────────────────┬─────────────────────┐
│ Emulator  │ Host:Port                        │ View in Emulator UI │
├───────────┼──────────────────────────────────┼─────────────────────┤
│ Functions │ Failed to initialize (see above) │                     │
└───────────┴──────────────────────────────────┴─────────────────────┘
  Emulator Hub host: 127.0.0.1 port: 6012
  Other reserved ports: 6013

Issues? Report them at https://github.com/firebase/firebase-tools/issues and attach the *-debug.log files.
 
