[debug] [2025-09-30T01:03:18.464Z] ----------------------------------------------------------------------
[debug] [2025-09-30T01:03:18.465Z] Command:       C:\Program Files\nodejs\node.exe D:\Evangadi classmaterial\phase four\Amazonefullstack\front-end\my-app\node_modules\firebase-tools\lib\bin\firebase.js emulators:start --only functions
[debug] [2025-09-30T01:03:18.466Z] CLI Version:   13.35.1
[debug] [2025-09-30T01:03:18.466Z] Platform:      win32
[debug] [2025-09-30T01:03:18.466Z] Node Version:  v18.20.8
[debug] [2025-09-30T01:03:18.467Z] Time:          Tue Sep 30 2025 04:03:18 GMT+0300 (East Africa Time)
[debug] [2025-09-30T01:03:18.467Z] ----------------------------------------------------------------------
[debug] 
[debug] [2025-09-30T01:03:18.707Z] > command requires scopes: ["email","openid","https://www.googleapis.com/auth/cloudplatformprojects.readonly","https://www.googleapis.com/auth/firebase","https://www.googleapis.com/auth/cloud-platform"]
[debug] [2025-09-30T01:03:18.707Z] > authorizing via signed-in user (sileshiashenafi097@gmail.com)
[info] i  emulators: Starting emulators: functions {"metadata":{"emulator":{"name":"hub"},"message":"Starting emulators: functions"}}
[debug] [2025-09-30T01:03:18.721Z] [logging] Logging Emulator only supports listening on one address (127.0.0.1). Not listening on ::1
[debug] [2025-09-30T01:03:18.721Z] assigned listening specs for emulators {"user":{"hub":[{"address":"127.0.0.1","family":"IPv4","port":6003},{"address":"::1","family":"IPv6","port":6003}],"ui":[{"address":"127.0.0.1","family":"IPv4","port":6002},{"address":"::1","family":"IPv6","port":6002}],"logging":[{"address":"127.0.0.1","family":"IPv4","port":6004}]},"metadata":{"message":"assigned listening specs for emulators"}}
[warn] !  emulators: It seems that you are running multiple instances of the emulator suite for project clone-40318. This may result in unexpected behavior. 
[debug] [2025-09-30T01:03:18.727Z] [hub] writing locator at C:\Users\Ashu\AppData\Local\Temp\hub-clone-40318.json
[debug] [2025-09-30T01:03:18.748Z] [functions] Functions Emulator only supports listening on one address (127.0.0.1). Not listening on ::1
[warn] !  eventarc: Eventarc Emulator unable to start on port 9299, starting on 9300 instead. {"metadata":{"emulator":{"name":"eventarc"},"message":"Eventarc Emulator unable to start on port 9299, starting on 9300 instead."}}
[debug] [2025-09-30T01:03:18.751Z] [eventarc] Eventarc Emulator only supports listening on one address (127.0.0.1). Not listening on ::1
[warn] !  tasks: Cloud Tasks Emulator unable to start on port 9499, starting on 9500 instead. {"metadata":{"emulator":{"name":"tasks"},"message":"Cloud Tasks Emulator unable to start on port 9499, starting on 9500 instead."}}
[debug] [2025-09-30T01:03:18.751Z] [tasks] Cloud Tasks Emulator only supports listening on one address (127.0.0.1). Not listening on ::1
[debug] [2025-09-30T01:03:18.751Z] late-assigned ports for functions and eventarc emulators {"user":{"hub":[{"address":"127.0.0.1","family":"IPv4","port":6003},{"address":"::1","family":"IPv6","port":6003}],"ui":[{"address":"127.0.0.1","family":"IPv4","port":6002},{"address":"::1","family":"IPv6","port":6002}],"logging":[{"address":"127.0.0.1","family":"IPv4","port":6004}],"functions":[{"address":"127.0.0.1","family":"IPv4","port":6001}],"eventarc":[{"address":"127.0.0.1","family":"IPv4","port":9300}],"tasks":[{"address":"127.0.0.1","family":"IPv4","port":9500}]},"metadata":{"message":"late-assigned ports for functions and eventarc emulators"}}
[warn] !  functions: The following emulators are not running, calls to these services from the Functions emulator will affect production: apphosting, auth, firestore, database, hosting, pubsub, storage, dataconnect {"metadata":{"emulator":{"name":"functions"},"message":"The following emulators are not running, calls to these services from the Functions emulator will affect production: \u001b[1mapphosting, auth, firestore, database, hosting, pubsub, storage, dataconnect\u001b[22m"}}
[debug] [2025-09-30T01:03:19.182Z] defaultcredentials: writing to file C:\Users\Ashu\AppData\Roaming\firebase\sileshiashenafi097_gmail_com_application_default_credentials.json
[debug] [2025-09-30T01:03:19.184Z] Setting GAC to C:\Users\Ashu\AppData\Roaming\firebase\sileshiashenafi097_gmail_com_application_default_credentials.json {"metadata":{"emulator":{"name":"functions"},"message":"Setting GAC to C:\\Users\\Ashu\\AppData\\Roaming\\firebase\\sileshiashenafi097_gmail_com_application_default_credentials.json"}}
[debug] [2025-09-30T01:03:19.185Z] Checked if tokens are valid: true, expires at: 1759197166551
[debug] [2025-09-30T01:03:19.185Z] Checked if tokens are valid: true, expires at: 1759197166551
[debug] [2025-09-30T01:03:19.186Z] >>> [apiv2][query] GET https://firebase.googleapis.com/v1beta1/projects/clone-40318/adminSdkConfig [none]
[debug] [2025-09-30T01:03:20.187Z] <<< [apiv2][status] GET https://firebase.googleapis.com/v1beta1/projects/clone-40318/adminSdkConfig 200
[debug] [2025-09-30T01:03:20.187Z] <<< [apiv2][body] GET https://firebase.googleapis.com/v1beta1/projects/clone-40318/adminSdkConfig {"projectId":"clone-40318","storageBucket":"clone-40318.firebasestorage.app"}
[info] i  functions: Watching "D:\Evangadi classmaterial\phase four\Amazonefullstack\front-end\my-app\functions\functions" for Cloud Functions... {"metadata":{"emulator":{"name":"functions"},"message":"Watching \"D:\\Evangadi classmaterial\\phase four\\Amazonefullstack\\front-end\\my-app\\functions\\functions\" for Cloud Functions..."}}
[debug] [2025-09-30T01:03:20.219Z] Validating nodejs source
[debug] [2025-09-30T01:03:21.570Z] > [functions] package.json contents: {
  "name": "functions",
  "description": "Cloud Functions for Firebase",
  "scripts": {
    "serve": "firebase emulators:start --only functions",
    "shell": "firebase functions:shell",
    "start": "npm run shell",
    "deploy": "firebase deploy --only functions",
    "logs": "firebase functions:log"
  },
  "engines": {
    "node": "22"
  },
  "main": "index.js",
  "dependencies": {
    "firebase-admin": "^12.6.0",
    "firebase-functions": "^6.0.1"
  },
  "devDependencies": {
    "firebase-functions-test": "^3.1.0"
  },
  "private": true
}
[debug] [2025-09-30T01:03:21.571Z] Building nodejs source
[debug] [2025-09-30T01:03:21.571Z] Failed to find version of module node: reached end of search path D:\Evangadi classmaterial\phase four\Amazonefullstack\front-end\my-app\functions\functions\node_modules
[warn] !  functions: Your requested "node" version "22" doesn't match your global version "18". Using node@18 from host. 
[debug] [2025-09-30T01:03:21.573Z] Could not find functions.yaml. Must use http discovery
[debug] [2025-09-30T01:03:21.579Z] Found firebase-functions binary at 'D:\Evangadi classmaterial\phase four\Amazonefullstack\front-end\my-app\functions\functions\node_modules\.bin\firebase-functions'
[info] Serving at port 8779

[debug] [2025-09-30T01:03:21.991Z] Got response from /__/functions.yaml {"endpoints":{},"specVersion":"v1alpha1","requiredAPIs":[],"extensions":{}}
[info] +  functions: Loaded functions definitions from source: . {"metadata":{"emulator":{"name":"functions"},"message":"Loaded functions definitions from source: ."}}
[debug] [2025-09-30T01:03:22.022Z] Could not find VSCode notification endpoint: FetchError: request to http://localhost:40001/vscode/notify failed, reason: connect ECONNREFUSED ::1:40001. If you are not running the Firebase Data Connect VSCode extension, this is expected and not an issue.
[info] 
┌─────────────────────────────────────────────────────────────┐
│ ✔  All emulators ready! It is now safe to connect your app. │
│ i  View Emulator UI at http://127.0.0.1:6002/               │
└─────────────────────────────────────────────────────────────┘

┌───────────┬────────────────┬─────────────────────────────────┐
│ Emulator  │ Host:Port      │ View in Emulator UI             │
├───────────┼────────────────┼─────────────────────────────────┤
│ Functions │ 127.0.0.1:6001 │ http://127.0.0.1:6002/functions │
└───────────┴────────────────┴─────────────────────────────────┘
  Emulator Hub host: 127.0.0.1 port: 6003
  Other reserved ports: 6004

Issues? Report them at https://github.com/firebase/firebase-tools/issues and attach the *-debug.log files.
 
[debug] [2025-09-30T01:08:53.686Z] Received signal SIGHUP 1
[info]  
[info] i  emulators: Received SIGHUP for the first time. Starting a clean shutdown. 
[info] i  emulators: Please wait for a clean shutdown or send the SIGHUP signal again to stop right now. 
[info] i  emulators: Shutting down emulators. {"metadata":{"emulator":{"name":"hub"},"message":"Shutting down emulators."}}
[info] i  ui: Stopping Emulator UI {"metadata":{"emulator":{"name":"ui"},"message":"Stopping Emulator UI"}}
[info] i  functions: Stopping Functions Emulator {"metadata":{"emulator":{"name":"functions"},"message":"Stopping Functions Emulator"}}
[info] i  eventarc: Stopping Eventarc Emulator {"metadata":{"emulator":{"name":"eventarc"},"message":"Stopping Eventarc Emulator"}}
[info] i  tasks: Stopping Cloud Tasks Emulator {"metadata":{"emulator":{"name":"tasks"},"message":"Stopping Cloud Tasks Emulator"}}
[info] i  hub: Stopping emulator hub {"metadata":{"emulator":{"name":"hub"},"message":"Stopping emulator hub"}}
[info] i  logging: Stopping Logging Emulator {"metadata":{"emulator":{"name":"logging"},"message":"Stopping Logging Emulator"}}
[debug] [2025-09-30T01:08:53.708Z] Could not find VSCode notification endpoint: FetchError: request to http://localhost:40001/vscode/notify failed, reason: connect ECONNREFUSED ::1:40001. If you are not running the Firebase Data Connect VSCode extension, this is expected and not an issue.
